{"name": "test_home_Page_Header[chrome]", "status": "failed", "statusDetails": {"message": "AssertionError: assert 'Dashboard' == 'Dashboard1'\n  - Dashboard1\n  ?          -\n  + Dashboard", "trace": "self = <Tests.test_HomePage.Test_Home object at 0x000001F4607B3A00>\n\n    @pytest.mark.slow\n    def test_home_Page_Header(self):\n        self.login = LoginPage(self.driver)\n        homePage = self.login.do_login(TestData.Username, TestData.Password)\n        header=homePage.get_Header_Page()\n>       assert header == TestData.Home_Page_Header\nE       AssertionError: assert 'Dashboard' == 'Dashboard1'\nE         - Dashboard1\nE         ?          -\nE         + Dashboard\n\nTests\\test_HomePage.py:20: AssertionError"}, "parameters": [{"name": "init_driver", "value": "'chrome'"}], "start": 1686739079527, "stop": 1686739104314, "uuid": "266cf1e4-ecd4-4149-b9eb-39fcbe0e5290", "historyId": "407b56a015fbb94744a2ff4287a87806", "testCaseId": "8a4cbcc292b9e7994b412171bb822020", "fullName": "Tests.test_HomePage.Test_Home#test_home_Page_Header", "labels": [{"name": "tag", "value": "slow"}, {"name": "tag", "value": "@pytest.mark.usefixtures('init_driver', 'log_on_failure')"}, {"name": "parentSuite", "value": "Tests"}, {"name": "suite", "value": "test_HomePage"}, {"name": "subSuite", "value": "Test_Home"}, {"name": "host", "value": "AGLPUN-TL493"}, {"name": "thread", "value": "14564-MainThread"}, {"name": "framework", "value": "pytest"}, {"name": "language", "value": "cpython3"}, {"name": "package", "value": "Tests.test_HomePage"}]}